2013/09/30 18:42:14 [error] [exception.CHttpException.404] exception 'CHttpException' with message 'Unable to resolve the request "gi".' in C:\wamp\yii\framework\web\CWebApplication.php:286
Stack trace:
#0 C:\wamp\yii\framework\web\CWebApplication.php(141): CWebApplication->runController('gi')
#1 C:\wamp\yii\framework\base\CApplication.php(180): CWebApplication->processRequest()
#2 C:\wamp\www\vanity\index.php(13): CApplication->run()
#3 {main}
REQUEST_URI=/vanity/index.php/gi
---
2013/10/02 22:47:09 [error] [php] include(Category.php): failed to open stream: No such file or directory (C:\wamp\yii\framework\YiiBase.php:427)
Stack trace:
#0 C:\wamp\www\vanity\protected\modules\admin\controllers\CategoryController.php(96): spl_autoload_call()
#1 C:\wamp\yii\framework\web\actions\CInlineAction.php(49): CategoryController->actionIndex()
#2 C:\wamp\yii\framework\web\CController.php(308): CInlineAction->runWithParams()
#3 C:\wamp\yii\framework\web\CController.php(286): CategoryController->runAction()
#4 C:\wamp\yii\framework\web\CController.php(265): CategoryController->runActionWithFilters()
#5 C:\wamp\yii\framework\web\CWebApplication.php(282): CategoryController->run()
#6 C:\wamp\yii\framework\web\CWebApplication.php(141): CWebApplication->runController()
#7 C:\wamp\yii\framework\base\CApplication.php(180): CWebApplication->processRequest()
#8 C:\wamp\www\vanity\index.php(13): CWebApplication->run()
REQUEST_URI=/vanity/index.php/admin/category
in C:\wamp\www\vanity\protected\modules\admin\controllers\CategoryController.php (96)
in C:\wamp\www\vanity\index.php (13)
2013/10/02 22:47:44 [error] [exception.CException] exception 'CException' with message 'Property "Admin.admin_username" is not defined.' in C:\wamp\yii\framework\base\CComponent.php:130
Stack trace:
#0 C:\wamp\yii\framework\db\ar\CActiveRecord.php(145): CComponent->__get('admin_username')
#1 C:\wamp\yii\framework\web\helpers\CHtml.php(2529): CActiveRecord->__get('admin_username')
#2 C:\wamp\yii\framework\web\helpers\CHtml.php(2252): CHtml::resolveValue(Object(Admin), 'admin_username')
#3 C:\wamp\yii\framework\web\helpers\CHtml.php(1434): CHtml::activeInputField('text', Object(Admin), 'admin_username', Array)
#4 C:\wamp\yii\framework\zii\widgets\grid\CDataColumn.php(103): CHtml::activeTextField(Object(Admin), 'admin_username', Array)
#5 C:\wamp\yii\framework\zii\widgets\grid\CGridColumn.php(116): CDataColumn->renderFilterCellContent()
#6 C:\wamp\yii\framework\zii\widgets\grid\CGridView.php(532): CGridColumn->renderFilterCell()
#7 C:\wamp\yii\framework\zii\widgets\grid\CGridView.php(510): CGridView->renderFilter()
#8 C:\wamp\yii\framework\zii\widgets\grid\CGridView.php(480): CGridView->renderTableHeader()
#9 C:\wamp\yii\framework\zii\widgets\CBaseListView.php(167): CGridView->renderItems()
#10 [internal function]: CBaseListView->renderSection(Array)
#11 C:\wamp\yii\framework\zii\widgets\CBaseListView.php(150): preg_replace_callback('/{(\w+)}/', Array, '{summary}?{item...')
#12 C:\wamp\yii\framework\zii\widgets\CBaseListView.php(135): CBaseListView->renderContent()
#13 C:\wamp\yii\framework\web\CBaseController.php(173): CBaseListView->run()
#14 C:\wamp\www\vanity\protected\modules\admin\views\admin\index.php(44): CBaseController->widget('zii.widgets.gri...', Array)
#15 C:\wamp\yii\framework\web\CBaseController.php(126): require('C:\wamp\www\van...')
#16 C:\wamp\yii\framework\web\CBaseController.php(95): CBaseController->renderInternal('C:\wamp\www\van...', Array, true)
#17 C:\wamp\yii\framework\web\CController.php(869): CBaseController->renderFile('C:\wamp\www\van...', Array, true)
#18 C:\wamp\yii\framework\web\CController.php(782): CController->renderPartial('index', Array, true)
#19 C:\wamp\www\vanity\protected\modules\admin\controllers\AdminController.php(126): CController->render('index', Array)
#20 C:\wamp\yii\framework\web\actions\CInlineAction.php(49): AdminController->actionIndex()
#21 C:\wamp\yii\framework\web\CController.php(308): CInlineAction->runWithParams(Array)
#22 C:\wamp\yii\framework\web\CController.php(286): CController->runAction(Object(CInlineAction))
#23 C:\wamp\yii\framework\web\CController.php(265): CController->runActionWithFilters(Object(CInlineAction), Array)
#24 C:\wamp\yii\framework\web\CWebApplication.php(282): CController->run('')
#25 C:\wamp\yii\framework\web\CWebApplication.php(141): CWebApplication->runController('admin/admin')
#26 C:\wamp\yii\framework\base\CApplication.php(180): CWebApplication->processRequest()
#27 C:\wamp\www\vanity\index.php(13): CApplication->run()
#28 {main}
REQUEST_URI=/vanity/index.php/admin/admin
---
2013/10/02 22:53:08 [error] [exception.CException] exception 'CException' with message 'Property "Admin.admin_username" is not defined.' in C:\wamp\yii\framework\base\CComponent.php:130
Stack trace:
#0 C:\wamp\yii\framework\db\ar\CActiveRecord.php(145): CComponent->__get('admin_username')
#1 C:\wamp\yii\framework\web\helpers\CHtml.php(2529): CActiveRecord->__get('admin_username')
#2 C:\wamp\yii\framework\web\helpers\CHtml.php(2252): CHtml::resolveValue(Object(Admin), 'admin_username')
#3 C:\wamp\yii\framework\web\helpers\CHtml.php(1434): CHtml::activeInputField('text', Object(Admin), 'admin_username', Array)
#4 C:\wamp\yii\framework\web\widgets\CActiveForm.php(725): CHtml::activeTextField(Object(Admin), 'admin_username', Array)
#5 C:\wamp\www\vanity\protected\modules\admin\views\admin\_createform.php(26): CActiveForm->textField(Object(Admin), 'admin_username', Array)
#6 C:\wamp\yii\framework\web\CBaseController.php(126): require('C:\wamp\www\van...')
#7 C:\wamp\yii\framework\web\CBaseController.php(95): CBaseController->renderInternal('C:\wamp\www\van...', Array, true)
#8 C:\wamp\yii\framework\web\CController.php(869): CBaseController->renderFile('C:\wamp\www\van...', Array, true)
#9 C:\wamp\www\vanity\protected\modules\admin\views\admin\create.php(14): CController->renderPartial('_createform', Array)
#10 C:\wamp\yii\framework\web\CBaseController.php(126): require('C:\wamp\www\van...')
#11 C:\wamp\yii\framework\web\CBaseController.php(95): CBaseController->renderInternal('C:\wamp\www\van...', Array, true)
#12 C:\wamp\yii\framework\web\CController.php(869): CBaseController->renderFile('C:\wamp\www\van...', Array, true)
#13 C:\wamp\yii\framework\web\CController.php(782): CController->renderPartial('create', Array, true)
#14 C:\wamp\www\vanity\protected\modules\admin\controllers\AdminController.php(42): CController->render('create', Array)
#15 C:\wamp\yii\framework\web\actions\CInlineAction.php(49): AdminController->actionCreate()
#16 C:\wamp\yii\framework\web\CController.php(308): CInlineAction->runWithParams(Array)
#17 C:\wamp\yii\framework\web\CController.php(286): CController->runAction(Object(CInlineAction))
#18 C:\wamp\yii\framework\web\CController.php(265): CController->runActionWithFilters(Object(CInlineAction), Array)
#19 C:\wamp\yii\framework\web\CWebApplication.php(282): CController->run('create')
#20 C:\wamp\yii\framework\web\CWebApplication.php(141): CWebApplication->runController('admin/admin/cre...')
#21 C:\wamp\yii\framework\base\CApplication.php(180): CWebApplication->processRequest()
#22 C:\wamp\www\vanity\index.php(13): CApplication->run()
#23 {main}
REQUEST_URI=/vanity/index.php/admin/admin/create
HTTP_REFERER=http://localhost/vanity/index.php/admin/admin/index
---
2013/10/03 17:34:10 [error] [system.db.CDbCommand] CDbCommand::fetchColumn() failed: SQLSTATE[42S22]: Column not found: 1054 Unknown column 'region.region_name' in 'where clause'. The SQL statement executed was: SELECT COUNT(*) FROM `city` `t` WHERE region.region_name LIKE :ycp0.
in C:\wamp\www\vanity\protected\modules\admin\views\city\index.php (48)
in C:\wamp\www\vanity\protected\modules\admin\controllers\CityController.php (96)
in C:\wamp\www\vanity\index.php (13)
2013/10/03 17:34:10 [error] [exception.CDbException] exception 'CDbException' with message 'CDbCommand failed to execute the SQL statement: SQLSTATE[42S22]: Column not found: 1054 Unknown column 'region.region_name' in 'where clause'. The SQL statement executed was: SELECT COUNT(*) FROM `city` `t` WHERE region.region_name LIKE :ycp0' in C:\wamp\yii\framework\db\CDbCommand.php:543
Stack trace:
#0 C:\wamp\yii\framework\db\CDbCommand.php(433): CDbCommand->queryInternal('fetchColumn', 0, Array)
#1 C:\wamp\yii\framework\db\ar\CActiveRecord.php(1601): CDbCommand->queryScalar()
#2 C:\wamp\yii\framework\web\CActiveDataProvider.php(228): CActiveRecord->count(Object(CDbCriteria))
#3 C:\wamp\yii\framework\web\CDataProvider.php(224): CActiveDataProvider->calculateTotalItemCount()
#4 C:\wamp\yii\framework\web\CActiveDataProvider.php(178): CDataProvider->getTotalItemCount()
#5 C:\wamp\yii\framework\web\CDataProvider.php(168): CActiveDataProvider->fetchData()
#6 C:\wamp\yii\framework\zii\widgets\CBaseListView.php(111): CDataProvider->getData()
#7 C:\wamp\yii\framework\zii\widgets\grid\CGridView.php(339): CBaseListView->init()
#8 C:\wamp\yii\framework\web\CBaseController.php(147): CGridView->init()
#9 C:\wamp\yii\framework\web\CBaseController.php(172): CBaseController->createWidget('zii.widgets.gri...', Array)
#10 C:\wamp\www\vanity\protected\modules\admin\views\city\index.php(48): CBaseController->widget('zii.widgets.gri...', Array)
#11 C:\wamp\yii\framework\web\CBaseController.php(126): require('C:\wamp\www\van...')
#12 C:\wamp\yii\framework\web\CBaseController.php(95): CBaseController->renderInternal('C:\wamp\www\van...', Array, true)
#13 C:\wamp\yii\framework\web\CController.php(869): CBaseController->renderFile('C:\wamp\www\van...', Array, true)
#14 C:\wamp\yii\framework\web\CController.php(782): CController->renderPartial('index', Array, true)
#15 C:\wamp\www\vanity\protected\modules\admin\controllers\CityController.php(96): CController->render('index', Array)
#16 C:\wamp\yii\framework\web\actions\CInlineAction.php(49): CityController->actionIndex()
#17 C:\wamp\yii\framework\web\CController.php(308): CInlineAction->runWithParams(Array)
#18 C:\wamp\yii\framework\web\CController.php(286): CController->runAction(Object(CInlineAction))
#19 C:\wamp\yii\framework\web\CController.php(265): CController->runActionWithFilters(Object(CInlineAction), Array)
#20 C:\wamp\yii\framework\web\CWebApplication.php(282): CController->run('index')
#21 C:\wamp\yii\framework\web\CWebApplication.php(141): CWebApplication->runController('admin/city/inde...')
#22 C:\wamp\yii\framework\base\CApplication.php(180): CWebApplication->processRequest()
#23 C:\wamp\www\vanity\index.php(13): CApplication->run()
#24 {main}
REQUEST_URI=/vanity/index.php/admin/city/index?City%5Bregion_search%5D=East&City%5Bregion_id%5D=&City%5Bcity_name%5D=&City_page=1&ajax=city-grid
HTTP_REFERER=http://localhost/vanity/index.php/admin/city/index
---
2013/10/03 17:34:27 [error] [system.db.CDbCommand] CDbCommand::fetchColumn() failed: SQLSTATE[42S22]: Column not found: 1054 Unknown column 'region.region_name' in 'where clause'. The SQL statement executed was: SELECT COUNT(*) FROM `city` `t` WHERE region.region_name LIKE :ycp0.
in C:\wamp\www\vanity\protected\modules\admin\views\city\index.php (48)
in C:\wamp\www\vanity\protected\modules\admin\controllers\CityController.php (96)
in C:\wamp\www\vanity\index.php (13)
2013/10/03 17:34:27 [error] [exception.CDbException] exception 'CDbException' with message 'CDbCommand failed to execute the SQL statement: SQLSTATE[42S22]: Column not found: 1054 Unknown column 'region.region_name' in 'where clause'. The SQL statement executed was: SELECT COUNT(*) FROM `city` `t` WHERE region.region_name LIKE :ycp0' in C:\wamp\yii\framework\db\CDbCommand.php:543
Stack trace:
#0 C:\wamp\yii\framework\db\CDbCommand.php(433): CDbCommand->queryInternal('fetchColumn', 0, Array)
#1 C:\wamp\yii\framework\db\ar\CActiveRecord.php(1601): CDbCommand->queryScalar()
#2 C:\wamp\yii\framework\web\CActiveDataProvider.php(228): CActiveRecord->count(Object(CDbCriteria))
#3 C:\wamp\yii\framework\web\CDataProvider.php(224): CActiveDataProvider->calculateTotalItemCount()
#4 C:\wamp\yii\framework\web\CActiveDataProvider.php(178): CDataProvider->getTotalItemCount()
#5 C:\wamp\yii\framework\web\CDataProvider.php(168): CActiveDataProvider->fetchData()
#6 C:\wamp\yii\framework\zii\widgets\CBaseListView.php(111): CDataProvider->getData()
#7 C:\wamp\yii\framework\zii\widgets\grid\CGridView.php(339): CBaseListView->init()
#8 C:\wamp\yii\framework\web\CBaseController.php(147): CGridView->init()
#9 C:\wamp\yii\framework\web\CBaseController.php(172): CBaseController->createWidget('zii.widgets.gri...', Array)
#10 C:\wamp\www\vanity\protected\modules\admin\views\city\index.php(48): CBaseController->widget('zii.widgets.gri...', Array)
#11 C:\wamp\yii\framework\web\CBaseController.php(126): require('C:\wamp\www\van...')
#12 C:\wamp\yii\framework\web\CBaseController.php(95): CBaseController->renderInternal('C:\wamp\www\van...', Array, true)
#13 C:\wamp\yii\framework\web\CController.php(869): CBaseController->renderFile('C:\wamp\www\van...', Array, true)
#14 C:\wamp\yii\framework\web\CController.php(782): CController->renderPartial('index', Array, true)
#15 C:\wamp\www\vanity\protected\modules\admin\controllers\CityController.php(96): CController->render('index', Array)
#16 C:\wamp\yii\framework\web\actions\CInlineAction.php(49): CityController->actionIndex()
#17 C:\wamp\yii\framework\web\CController.php(308): CInlineAction->runWithParams(Array)
#18 C:\wamp\yii\framework\web\CController.php(286): CController->runAction(Object(CInlineAction))
#19 C:\wamp\yii\framework\web\CController.php(265): CController->runActionWithFilters(Object(CInlineAction), Array)
#20 C:\wamp\yii\framework\web\CWebApplication.php(282): CController->run('index')
#21 C:\wamp\yii\framework\web\CWebApplication.php(141): CWebApplication->runController('admin/city/inde...')
#22 C:\wamp\yii\framework\base\CApplication.php(180): CWebApplication->processRequest()
#23 C:\wamp\www\vanity\index.php(13): CApplication->run()
#24 {main}
REQUEST_URI=/vanity/index.php/admin/city/index?City%5Bregion_search%5D=East&City%5Bregion_id%5D=&City%5Bcity_name%5D=&City_page=1&ajax=city-grid
HTTP_REFERER=http://localhost/vanity/index.php/admin/city/index
---
2013/10/03 17:35:02 [error] [system.db.CDbCommand] CDbCommand::fetchColumn() failed: SQLSTATE[42S22]: Column not found: 1054 Unknown column 'region.region_name' in 'where clause'. The SQL statement executed was: SELECT COUNT(*) FROM `city` `t` WHERE region.region_name LIKE :ycp0.
in C:\wamp\www\vanity\protected\modules\admin\views\city\index.php (48)
in C:\wamp\www\vanity\protected\modules\admin\controllers\CityController.php (96)
in C:\wamp\www\vanity\index.php (13)
2013/10/03 17:35:02 [error] [exception.CDbException] exception 'CDbException' with message 'CDbCommand failed to execute the SQL statement: SQLSTATE[42S22]: Column not found: 1054 Unknown column 'region.region_name' in 'where clause'. The SQL statement executed was: SELECT COUNT(*) FROM `city` `t` WHERE region.region_name LIKE :ycp0' in C:\wamp\yii\framework\db\CDbCommand.php:543
Stack trace:
#0 C:\wamp\yii\framework\db\CDbCommand.php(433): CDbCommand->queryInternal('fetchColumn', 0, Array)
#1 C:\wamp\yii\framework\db\ar\CActiveRecord.php(1601): CDbCommand->queryScalar()
#2 C:\wamp\yii\framework\web\CActiveDataProvider.php(228): CActiveRecord->count(Object(CDbCriteria))
#3 C:\wamp\yii\framework\web\CDataProvider.php(224): CActiveDataProvider->calculateTotalItemCount()
#4 C:\wamp\yii\framework\web\CActiveDataProvider.php(178): CDataProvider->getTotalItemCount()
#5 C:\wamp\yii\framework\web\CDataProvider.php(168): CActiveDataProvider->fetchData()
#6 C:\wamp\yii\framework\zii\widgets\CBaseListView.php(111): CDataProvider->getData()
#7 C:\wamp\yii\framework\zii\widgets\grid\CGridView.php(339): CBaseListView->init()
#8 C:\wamp\yii\framework\web\CBaseController.php(147): CGridView->init()
#9 C:\wamp\yii\framework\web\CBaseController.php(172): CBaseController->createWidget('zii.widgets.gri...', Array)
#10 C:\wamp\www\vanity\protected\modules\admin\views\city\index.php(48): CBaseController->widget('zii.widgets.gri...', Array)
#11 C:\wamp\yii\framework\web\CBaseController.php(126): require('C:\wamp\www\van...')
#12 C:\wamp\yii\framework\web\CBaseController.php(95): CBaseController->renderInternal('C:\wamp\www\van...', Array, true)
#13 C:\wamp\yii\framework\web\CController.php(869): CBaseController->renderFile('C:\wamp\www\van...', Array, true)
#14 C:\wamp\yii\framework\web\CController.php(782): CController->renderPartial('index', Array, true)
#15 C:\wamp\www\vanity\protected\modules\admin\controllers\CityController.php(96): CController->render('index', Array)
#16 C:\wamp\yii\framework\web\actions\CInlineAction.php(49): CityController->actionIndex()
#17 C:\wamp\yii\framework\web\CController.php(308): CInlineAction->runWithParams(Array)
#18 C:\wamp\yii\framework\web\CController.php(286): CController->runAction(Object(CInlineAction))
#19 C:\wamp\yii\framework\web\CController.php(265): CController->runActionWithFilters(Object(CInlineAction), Array)
#20 C:\wamp\yii\framework\web\CWebApplication.php(282): CController->run('index')
#21 C:\wamp\yii\framework\web\CWebApplication.php(141): CWebApplication->runController('admin/city/inde...')
#22 C:\wamp\yii\framework\base\CApplication.php(180): CWebApplication->processRequest()
#23 C:\wamp\www\vanity\index.php(13): CApplication->run()
#24 {main}
REQUEST_URI=/vanity/index.php/admin/city/index?City%5Bregion_search%5D=West&City%5Bregion_id%5D=&City%5Bcity_name%5D=&City_page=1&ajax=city-grid
HTTP_REFERER=http://localhost/vanity/index.php/admin/city/index
---
2013/10/03 18:29:44 [error] [exception.CException] exception 'CException' with message 'Property "Agent.admin_id" is not defined.' in C:\wamp\yii\framework\base\CComponent.php:130
Stack trace:
#0 C:\wamp\yii\framework\db\ar\CActiveRecord.php(145): CComponent->__get('admin_id')
#1 C:\wamp\www\vanity\protected\modules\admin\controllers\AgentController.php(37): CActiveRecord->__get('admin_id')
#2 C:\wamp\yii\framework\web\actions\CInlineAction.php(49): AgentController->actionCreate()
#3 C:\wamp\yii\framework\web\CController.php(308): CInlineAction->runWithParams(Array)
#4 C:\wamp\yii\framework\web\CController.php(286): CController->runAction(Object(CInlineAction))
#5 C:\wamp\yii\framework\web\CController.php(265): CController->runActionWithFilters(Object(CInlineAction), Array)
#6 C:\wamp\yii\framework\web\CWebApplication.php(282): CController->run('create')
#7 C:\wamp\yii\framework\web\CWebApplication.php(141): CWebApplication->runController('admin/agent/cre...')
#8 C:\wamp\yii\framework\base\CApplication.php(180): CWebApplication->processRequest()
#9 C:\wamp\www\vanity\index.php(13): CApplication->run()
#10 {main}
REQUEST_URI=/vanity/index.php/admin/agent/create
HTTP_REFERER=http://localhost/vanity/index.php/admin/agent/create
---
2013/10/03 18:36:49 [error] [system.db.CDbCommand] CDbCommand::execute() failed: SQLSTATE[23000]: Integrity constraint violation: 1452 Cannot add or update a child row: a foreign key constraint fails (`vanity`.`agent`, CONSTRAINT `agent_ibfk_1` FOREIGN KEY (`region_id`) REFERENCES `region` (`region_id`)). The SQL statement executed was: INSERT INTO `agent` (`region_id`, `agent_name`, `agent_email`, `agent_password`) VALUES (:yp0, :yp1, :yp2, :yp3).
in C:\wamp\www\vanity\protected\modules\admin\controllers\AgentController.php (36)
in C:\wamp\www\vanity\index.php (13)
2013/10/03 18:36:49 [error] [exception.CDbException] exception 'CDbException' with message 'CDbCommand failed to execute the SQL statement: SQLSTATE[23000]: Integrity constraint violation: 1452 Cannot add or update a child row: a foreign key constraint fails (`vanity`.`agent`, CONSTRAINT `agent_ibfk_1` FOREIGN KEY (`region_id`) REFERENCES `region` (`region_id`)). The SQL statement executed was: INSERT INTO `agent` (`region_id`, `agent_name`, `agent_email`, `agent_password`) VALUES (:yp0, :yp1, :yp2, :yp3)' in C:\wamp\yii\framework\db\CDbCommand.php:358
Stack trace:
#0 C:\wamp\yii\framework\db\ar\CActiveRecord.php(1077): CDbCommand->execute()
#1 C:\wamp\yii\framework\db\ar\CActiveRecord.php(806): CActiveRecord->insert(NULL)
#2 C:\wamp\www\vanity\protected\modules\admin\controllers\AgentController.php(36): CActiveRecord->save()
#3 C:\wamp\yii\framework\web\actions\CInlineAction.php(49): AgentController->actionCreate()
#4 C:\wamp\yii\framework\web\CController.php(308): CInlineAction->runWithParams(Array)
#5 C:\wamp\yii\framework\web\CController.php(286): CController->runAction(Object(CInlineAction))
#6 C:\wamp\yii\framework\web\CController.php(265): CController->runActionWithFilters(Object(CInlineAction), Array)
#7 C:\wamp\yii\framework\web\CWebApplication.php(282): CController->run('create')
#8 C:\wamp\yii\framework\web\CWebApplication.php(141): CWebApplication->runController('admin/agent/cre...')
#9 C:\wamp\yii\framework\base\CApplication.php(180): CWebApplication->processRequest()
#10 C:\wamp\www\vanity\index.php(13): CApplication->run()
#11 {main}
REQUEST_URI=/vanity/index.php/admin/agent/create
HTTP_REFERER=http://localhost/vanity/index.php/admin/agent/create
---
2013/10/04 18:41:40 [error] [exception.CHttpException.404] exception 'CHttpException' with message 'The requested page does not exist.' in C:\wamp\www\vanity\protected\modules\agent\controllers\ProfileController.php:101
Stack trace:
#0 C:\wamp\www\vanity\protected\modules\agent\controllers\ProfileController.php(67): ProfileController->loadModel(NULL)
#1 C:\wamp\yii\framework\web\actions\CInlineAction.php(49): ProfileController->actionIndex()
#2 C:\wamp\yii\framework\web\CController.php(308): CInlineAction->runWithParams(Array)
#3 C:\wamp\yii\framework\web\CController.php(286): CController->runAction(Object(CInlineAction))
#4 C:\wamp\yii\framework\web\CController.php(265): CController->runActionWithFilters(Object(CInlineAction), Array)
#5 C:\wamp\yii\framework\web\CWebApplication.php(282): CController->run('')
#6 C:\wamp\yii\framework\web\CWebApplication.php(141): CWebApplication->runController('agent/profile')
#7 C:\wamp\yii\framework\base\CApplication.php(180): CWebApplication->processRequest()
#8 C:\wamp\www\vanity\index.php(13): CApplication->run()
#9 {main}
REQUEST_URI=/vanity/index.php/agent/profile
HTTP_REFERER=http://localhost/vanity/index.php/agent/vanity/index
---
2013/10/07 10:32:13 [error] [exception.CHttpException.404] exception 'CHttpException' with message 'The system is unable to find the requested action "reservation".' in C:\wamp\yii\framework\web\CController.php:483
Stack trace:
#0 C:\wamp\yii\framework\web\CController.php(270): CController->missingAction('reservation')
#1 C:\wamp\yii\framework\web\CWebApplication.php(282): CController->run('reservation')
#2 C:\wamp\yii\framework\web\CWebApplication.php(141): CWebApplication->runController('agent/default/r...')
#3 C:\wamp\yii\framework\base\CApplication.php(180): CWebApplication->processRequest()
#4 C:\wamp\www\vanity\index.php(13): CApplication->run()
#5 {main}
REQUEST_URI=/vanity/index.php/agent/default/reservation/index
HTTP_REFERER=http://localhost/vanity/index.php/agent/reservation
---
2013/10/07 10:32:37 [error] [exception.CHttpException.404] exception 'CHttpException' with message 'The system is unable to find the requested action "reservation".' in C:\wamp\yii\framework\web\CController.php:483
Stack trace:
#0 C:\wamp\yii\framework\web\CController.php(270): CController->missingAction('reservation')
#1 C:\wamp\yii\framework\web\CWebApplication.php(282): CController->run('reservation')
#2 C:\wamp\yii\framework\web\CWebApplication.php(141): CWebApplication->runController('agent/default/r...')
#3 C:\wamp\yii\framework\base\CApplication.php(180): CWebApplication->processRequest()
#4 C:\wamp\www\vanity\index.php(13): CApplication->run()
#5 {main}
REQUEST_URI=/vanity/index.php/agent/default/reservation/index
HTTP_REFERER=http://localhost/vanity/index.php/agent/reservation
---
2013/10/07 10:35:59 [error] [exception.CHttpException.404] exception 'CHttpException' with message 'Unable to resolve the request "agent/agent/reservation".' in C:\wamp\yii\framework\web\CWebApplication.php:286
Stack trace:
#0 C:\wamp\yii\framework\web\CWebApplication.php(141): CWebApplication->runController('agent/agent/res...')
#1 C:\wamp\yii\framework\base\CApplication.php(180): CWebApplication->processRequest()
#2 C:\wamp\www\vanity\index.php(13): CApplication->run()
#3 {main}
REQUEST_URI=/vanity/index.php/agent/agent/reservation
HTTP_REFERER=http://localhost/vanity/index.php/agent/vanity
---
2013/10/07 10:36:15 [error] [exception.CHttpException.404] exception 'CHttpException' with message 'Unable to resolve the request "agent/agent/reservation".' in C:\wamp\yii\framework\web\CWebApplication.php:286
Stack trace:
#0 C:\wamp\yii\framework\web\CWebApplication.php(141): CWebApplication->runController('agent/agent/res...')
#1 C:\wamp\yii\framework\base\CApplication.php(180): CWebApplication->processRequest()
#2 C:\wamp\www\vanity\index.php(13): CApplication->run()
#3 {main}
REQUEST_URI=/vanity/index.php/agent/agent/reservation
HTTP_REFERER=http://localhost/vanity/index.php/agent/vanity
---
2013/10/10 15:11:31 [error] [exception.CException] exception 'CException' with message 'ActivityController cannot find the requested view "index".' in C:\wamp\yii\framework\web\CController.php:878
Stack trace:
#0 C:\wamp\yii\framework\web\CController.php(782): CController->renderPartial('index', Array, true)
#1 C:\wamp\www\vanity\protected\modules\admin\controllers\ActivityController.php(129): CController->render('index', Array)
#2 C:\wamp\yii\framework\web\actions\CInlineAction.php(49): ActivityController->actionIndex()
#3 C:\wamp\yii\framework\web\CController.php(308): CInlineAction->runWithParams(Array)
#4 C:\wamp\yii\framework\web\filters\CFilterChain.php(133): CController->runAction(Object(CInlineAction))
#5 C:\wamp\yii\framework\web\filters\CFilter.php(40): CFilterChain->run()
#6 C:\wamp\yii\framework\web\CController.php(1145): CFilter->filter(Object(CFilterChain))
#7 C:\wamp\yii\framework\web\filters\CInlineFilter.php(58): CController->filterAccessControl(Object(CFilterChain))
#8 C:\wamp\yii\framework\web\filters\CFilterChain.php(130): CInlineFilter->filter(Object(CFilterChain))
#9 C:\wamp\yii\framework\web\CController.php(291): CFilterChain->run()
#10 C:\wamp\yii\framework\web\CController.php(265): CController->runActionWithFilters(Object(CInlineAction), Array)
#11 C:\wamp\yii\framework\web\CWebApplication.php(282): CController->run('index')
#12 C:\wamp\yii\framework\web\CWebApplication.php(141): CWebApplication->runController('admin/activity/...')
#13 C:\wamp\yii\framework\base\CApplication.php(180): CWebApplication->processRequest()
#14 C:\wamp\www\vanity\index.php(13): CApplication->run()
#15 {main}
REQUEST_URI=/vanity/index.php/admin/activity/index
HTTP_REFERER=http://localhost/vanity/index.php/admin
---
2013/10/10 15:13:46 [error] [exception.CException] exception 'CException' with message 'ActivityController cannot find the requested view "index".' in C:\wamp\yii\framework\web\CController.php:878
Stack trace:
#0 C:\wamp\yii\framework\web\CController.php(782): CController->renderPartial('index', Array, true)
#1 C:\wamp\www\vanity\protected\modules\admin\controllers\ActivityController.php(92): CController->render('index', Array)
#2 C:\wamp\yii\framework\web\actions\CInlineAction.php(49): ActivityController->actionIndex()
#3 C:\wamp\yii\framework\web\CController.php(308): CInlineAction->runWithParams(Array)
#4 C:\wamp\yii\framework\web\CController.php(286): CController->runAction(Object(CInlineAction))
#5 C:\wamp\yii\framework\web\CController.php(265): CController->runActionWithFilters(Object(CInlineAction), Array)
#6 C:\wamp\yii\framework\web\CWebApplication.php(282): CController->run('index')
#7 C:\wamp\yii\framework\web\CWebApplication.php(141): CWebApplication->runController('admin/activity/...')
#8 C:\wamp\yii\framework\base\CApplication.php(180): CWebApplication->processRequest()
#9 C:\wamp\www\vanity\index.php(13): CApplication->run()
#10 {main}
REQUEST_URI=/vanity/index.php/admin/activity/index
---
2013/10/10 15:15:12 [error] [exception.CException] exception 'CException' with message 'ActivityController cannot find the requested view "index".' in C:\wamp\yii\framework\web\CController.php:878
Stack trace:
#0 C:\wamp\yii\framework\web\CController.php(782): CController->renderPartial('index', Array, true)
#1 C:\wamp\www\vanity\protected\modules\admin\controllers\ActivityController.php(92): CController->render('index', Array)
#2 C:\wamp\yii\framework\web\actions\CInlineAction.php(49): ActivityController->actionIndex()
#3 C:\wamp\yii\framework\web\CController.php(308): CInlineAction->runWithParams(Array)
#4 C:\wamp\yii\framework\web\CController.php(286): CController->runAction(Object(CInlineAction))
#5 C:\wamp\yii\framework\web\CController.php(265): CController->runActionWithFilters(Object(CInlineAction), Array)
#6 C:\wamp\yii\framework\web\CWebApplication.php(282): CController->run('index')
#7 C:\wamp\yii\framework\web\CWebApplication.php(141): CWebApplication->runController('admin/activity/...')
#8 C:\wamp\yii\framework\base\CApplication.php(180): CWebApplication->processRequest()
#9 C:\wamp\www\vanity\index.php(13): CApplication->run()
#10 {main}
REQUEST_URI=/vanity/index.php/admin/activity/index
HTTP_REFERER=http://localhost/vanity/index.php/admin
---
2013/10/10 15:15:15 [error] [exception.CException] exception 'CException' with message 'ActivityController cannot find the requested view "_search".' in C:\wamp\yii\framework\web\CController.php:878
Stack trace:
#0 C:\wamp\www\vanity\protected\modules\admin\views\activity\admin.php(39): CController->renderPartial('_search', Array)
#1 C:\wamp\yii\framework\web\CBaseController.php(126): require('C:\wamp\www\van...')
#2 C:\wamp\yii\framework\web\CBaseController.php(95): CBaseController->renderInternal('C:\wamp\www\van...', Array, true)
#3 C:\wamp\yii\framework\web\CController.php(869): CBaseController->renderFile('C:\wamp\www\van...', Array, true)
#4 C:\wamp\yii\framework\web\CController.php(782): CController->renderPartial('admin', Array, true)
#5 C:\wamp\www\vanity\protected\modules\admin\controllers\ActivityController.php(107): CController->render('admin', Array)
#6 C:\wamp\yii\framework\web\actions\CInlineAction.php(49): ActivityController->actionAdmin()
#7 C:\wamp\yii\framework\web\CController.php(308): CInlineAction->runWithParams(Array)
#8 C:\wamp\yii\framework\web\CController.php(286): CController->runAction(Object(CInlineAction))
#9 C:\wamp\yii\framework\web\CController.php(265): CController->runActionWithFilters(Object(CInlineAction), Array)
#10 C:\wamp\yii\framework\web\CWebApplication.php(282): CController->run('admin')
#11 C:\wamp\yii\framework\web\CWebApplication.php(141): CWebApplication->runController('admin/activity/...')
#12 C:\wamp\yii\framework\base\CApplication.php(180): CWebApplication->processRequest()
#13 C:\wamp\www\vanity\index.php(13): CApplication->run()
#14 {main}
REQUEST_URI=/vanity/index.php/admin/activity/admin
---
2013/10/10 15:15:36 [error] [exception.CException] exception 'CException' with message 'ActivityController cannot find the requested view "index".' in C:\wamp\yii\framework\web\CController.php:878
Stack trace:
#0 C:\wamp\yii\framework\web\CController.php(782): CController->renderPartial('index', Array, true)
#1 C:\wamp\www\vanity\protected\modules\admin\controllers\ActivityController.php(92): CController->render('index', Array)
#2 C:\wamp\yii\framework\web\actions\CInlineAction.php(49): ActivityController->actionIndex()
#3 C:\wamp\yii\framework\web\CController.php(308): CInlineAction->runWithParams(Array)
#4 C:\wamp\yii\framework\web\CController.php(286): CController->runAction(Object(CInlineAction))
#5 C:\wamp\yii\framework\web\CController.php(265): CController->runActionWithFilters(Object(CInlineAction), Array)
#6 C:\wamp\yii\framework\web\CWebApplication.php(282): CController->run('index')
#7 C:\wamp\yii\framework\web\CWebApplication.php(141): CWebApplication->runController('admin/activity/...')
#8 C:\wamp\yii\framework\base\CApplication.php(180): CWebApplication->processRequest()
#9 C:\wamp\www\vanity\index.php(13): CApplication->run()
#10 {main}
REQUEST_URI=/vanity/index.php/admin/activity/index
HTTP_REFERER=http://localhost/vanity/index.php/admin/activity/admin
---
2013/10/10 15:20:29 [error] [exception.CException] exception 'CException' with message 'ActivityController cannot find the requested view "admin".' in C:\wamp\yii\framework\web\CController.php:878
Stack trace:
#0 C:\wamp\yii\framework\web\CController.php(782): CController->renderPartial('admin', Array, true)
#1 C:\wamp\www\vanity\protected\modules\admin\controllers\ActivityController.php(97): CController->render('admin', Array)
#2 C:\wamp\yii\framework\web\actions\CInlineAction.php(49): ActivityController->actionIndex()
#3 C:\wamp\yii\framework\web\CController.php(308): CInlineAction->runWithParams(Array)
#4 C:\wamp\yii\framework\web\CController.php(286): CController->runAction(Object(CInlineAction))
#5 C:\wamp\yii\framework\web\CController.php(265): CController->runActionWithFilters(Object(CInlineAction), Array)
#6 C:\wamp\yii\framework\web\CWebApplication.php(282): CController->run('index')
#7 C:\wamp\yii\framework\web\CWebApplication.php(141): CWebApplication->runController('admin/activity/...')
#8 C:\wamp\yii\framework\base\CApplication.php(180): CWebApplication->processRequest()
#9 C:\wamp\www\vanity\index.php(13): CApplication->run()
#10 {main}
REQUEST_URI=/vanity/index.php/admin/activity/index
HTTP_REFERER=http://localhost/vanity/index.php/admin/admin/view/id/3
---
2013/10/10 15:22:44 [error] [php] Object of class CWebUser could not be converted to string (C:\wamp\www\vanity\protected\modules\admin\controllers\AgentController.php:39)
Stack trace:
#0 C:\wamp\yii\framework\web\CController.php(286): AgentController->runAction()
#1 C:\wamp\yii\framework\web\CController.php(265): AgentController->runActionWithFilters()
#2 C:\wamp\yii\framework\web\CWebApplication.php(282): AgentController->run()
#3 C:\wamp\yii\framework\web\CWebApplication.php(141): CWebApplication->runController()
#4 C:\wamp\yii\framework\base\CApplication.php(180): CWebApplication->processRequest()
#5 C:\wamp\www\vanity\index.php(13): CWebApplication->run()
REQUEST_URI=/vanity/index.php/admin/agent/create
in C:\wamp\www\vanity\protected\modules\admin\controllers\AgentController.php (39)
in C:\wamp\www\vanity\index.php (13)
2013/10/10 15:33:04 [error] [exception.CHttpException.404] exception 'CHttpException' with message 'The system is unable to find the requested action "admin".' in C:\wamp\yii\framework\web\CController.php:483
Stack trace:
#0 C:\wamp\yii\framework\web\CController.php(270): CController->missingAction('admin')
#1 C:\wamp\yii\framework\web\CWebApplication.php(282): CController->run('admin')
#2 C:\wamp\yii\framework\web\CWebApplication.php(141): CWebApplication->runController('admin/admin/adm...')
#3 C:\wamp\yii\framework\base\CApplication.php(180): CWebApplication->processRequest()
#4 C:\wamp\www\vanity\index.php(13): CApplication->run()
#5 {main}
REQUEST_URI=/vanity/index.php/admin/admin/admin
HTTP_REFERER=http://localhost/vanity/index.php/admin/admin/view/id/4
---
2013/10/10 17:07:02 [error] [exception.CHttpException.404] exception 'CHttpException' with message 'The system is unable to find the requested action "create".' in C:\wamp\yii\framework\web\CController.php:483
Stack trace:
#0 C:\wamp\yii\framework\web\CController.php(270): CController->missingAction('create')
#1 C:\wamp\yii\framework\web\CWebApplication.php(282): CController->run('create')
#2 C:\wamp\yii\framework\web\CWebApplication.php(141): CWebApplication->runController('agent/reservati...')
#3 C:\wamp\yii\framework\base\CApplication.php(180): CWebApplication->processRequest()
#4 C:\wamp\www\vanity\index.php(13): CApplication->run()
#5 {main}
REQUEST_URI=/vanity/index.php/agent/reservation/create
HTTP_REFERER=http://localhost/vanity/index.php/agent/reservation/admin
---
2013/10/10 17:07:07 [error] [exception.CHttpException.404] exception 'CHttpException' with message 'The system is unable to find the requested action "update".' in C:\wamp\yii\framework\web\CController.php:483
Stack trace:
#0 C:\wamp\yii\framework\web\CController.php(270): CController->missingAction('update')
#1 C:\wamp\yii\framework\web\CWebApplication.php(282): CController->run('update')
#2 C:\wamp\yii\framework\web\CWebApplication.php(141): CWebApplication->runController('agent/reservati...')
#3 C:\wamp\yii\framework\base\CApplication.php(180): CWebApplication->processRequest()
#4 C:\wamp\www\vanity\index.php(13): CApplication->run()
#5 {main}
REQUEST_URI=/vanity/index.php/agent/reservation/update/id/4
HTTP_REFERER=http://localhost/vanity/index.php/agent/reservation/admin
---
2013/10/10 17:08:55 [error] [exception.CException] exception 'CException' with message 'ReservationController cannot find the requested view "admin".' in C:\wamp\yii\framework\web\CController.php:878
Stack trace:
#0 C:\wamp\yii\framework\web\CController.php(782): CController->renderPartial('admin', Array, true)
#1 C:\wamp\www\vanity\protected\modules\agent\controllers\ReservationController.php(136): CController->render('admin', Array)
#2 C:\wamp\yii\framework\web\actions\CInlineAction.php(49): ReservationController->actionIndex()
#3 C:\wamp\yii\framework\web\CController.php(308): CInlineAction->runWithParams(Array)
#4 C:\wamp\yii\framework\web\CController.php(286): CController->runAction(Object(CInlineAction))
#5 C:\wamp\yii\framework\web\CController.php(265): CController->runActionWithFilters(Object(CInlineAction), Array)
#6 C:\wamp\yii\framework\web\CWebApplication.php(282): CController->run('index')
#7 C:\wamp\yii\framework\web\CWebApplication.php(141): CWebApplication->runController('agent/reservati...')
#8 C:\wamp\yii\framework\base\CApplication.php(180): CWebApplication->processRequest()
#9 C:\wamp\www\vanity\index.php(13): CApplication->run()
#10 {main}
REQUEST_URI=/vanity/index.php/agent/reservation/index
HTTP_REFERER=http://localhost/vanity/index.php/agent/reservation/admin
---
2013/10/10 17:11:54 [error] [php] htmlspecialchars() expects parameter 1 to be string, object given (C:\wamp\yii\framework\web\helpers\CHtml.php:103)
Stack trace:
#0 C:\wamp\yii\framework\web\CBaseController.php(173): CBreadcrumbs->run()
#1 C:\wamp\www\vanity\protected\modules\agent\views\layouts\main.php(46): ReservationController->widget()
#2 C:\wamp\yii\framework\web\CBaseController.php(126): require()
#3 C:\wamp\yii\framework\web\CBaseController.php(95): ReservationController->renderInternal()
#4 C:\wamp\yii\framework\web\widgets\CContentDecorator.php(76): ReservationController->renderFile()
#5 C:\wamp\yii\framework\web\widgets\CContentDecorator.php(54): CContentDecorator->decorate()
#6 C:\wamp\yii\framework\web\widgets\COutputProcessor.php(44): CContentDecorator->processOutput()
#7 C:\wamp\yii\framework\web\CBaseController.php(206): CContentDecorator->run()
#8 C:\wamp\yii\framework\web\CBaseController.php(300): ReservationController->endWidget()
#9 C:\wamp\www\vanity\protected\modules\agent\views\layouts\column2.php(21): ReservationController->endContent()
#10 C:\wamp\yii\framework\web\CBaseController.php(126): require()
#11 C:\wamp\yii\framework\web\CBaseController.php(95): ReservationController->renderInternal()
#12 C:\wamp\yii\framework\web\CController.php(784): ReservationController->renderFile()
#13 C:\wamp\www\vanity\protected\modules\agent\controllers\ReservationController.php(21): ReservationController->render()
#14 unknown(0): ReservationController->actionView()
#15 C:\wamp\yii\framework\web\actions\CAction.php(108): ReflectionMethod->invokeArgs()
#16 C:\wamp\yii\framework\web\actions\CInlineAction.php(47): CInlineAction->runWithParamsInternal()
#17 C:\wamp\yii\framework\web\CController.php(308): CInlineAction->runWithParams()
#18 C:\wamp\yii\framework\web\CController.php(286): ReservationController->runAction()
#19 C:\wamp\yii\framework\web\CController.php(265): ReservationController->runActionWithFilters()
#20 C:\wamp\yii\framework\web\CWebApplication.php(282): ReservationController->run()
#21 C:\wamp\yii\framework\web\CWebApplication.php(141): CWebApplication->runController()
#22 C:\wamp\yii\framework\base\CApplication.php(180): CWebApplication->processRequest()
#23 C:\wamp\www\vanity\index.php(13): CWebApplication->run()
REQUEST_URI=/vanity/index.php/agent/reservation/view/id/4
in C:\wamp\www\vanity\protected\modules\agent\views\layouts\main.php (46)
in C:\wamp\www\vanity\protected\modules\agent\views\layouts\column2.php (21)
in C:\wamp\www\vanity\protected\modules\agent\controllers\ReservationController.php (21)
2013/10/10 17:13:49 [error] [php] Trying to get property of non-object (C:\wamp\www\vanity\protected\modules\agent\views\reservation\view.php:35)
Stack trace:
#0 C:\wamp\yii\framework\web\CController.php(869): ReservationController->renderFile()
#1 C:\wamp\yii\framework\web\CController.php(782): ReservationController->renderPartial()
#2 C:\wamp\www\vanity\protected\modules\agent\controllers\ReservationController.php(21): ReservationController->render()
#3 unknown(0): ReservationController->actionView()
#4 C:\wamp\yii\framework\web\actions\CAction.php(108): ReflectionMethod->invokeArgs()
#5 C:\wamp\yii\framework\web\actions\CInlineAction.php(47): CInlineAction->runWithParamsInternal()
#6 C:\wamp\yii\framework\web\CController.php(308): CInlineAction->runWithParams()
#7 C:\wamp\yii\framework\web\CController.php(286): ReservationController->runAction()
#8 C:\wamp\yii\framework\web\CController.php(265): ReservationController->runActionWithFilters()
#9 C:\wamp\yii\framework\web\CWebApplication.php(282): ReservationController->run()
#10 C:\wamp\yii\framework\web\CWebApplication.php(141): CWebApplication->runController()
#11 C:\wamp\yii\framework\base\CApplication.php(180): CWebApplication->processRequest()
#12 C:\wamp\www\vanity\index.php(13): CWebApplication->run()
REQUEST_URI=/vanity/index.php/agent/reservation/view/id/4
in C:\wamp\www\vanity\protected\modules\agent\views\reservation\view.php (35)
in C:\wamp\www\vanity\protected\modules\agent\controllers\ReservationController.php (21)
in C:\wamp\www\vanity\index.php (13)
2013/10/17 10:59:06 [error] [exception.CHttpException.404] exception 'CHttpException' with message 'The system is unable to find the requested action "view".' in C:\wamp\yii\framework\web\CController.php:483
Stack trace:
#0 C:\wamp\yii\framework\web\CController.php(270): CController->missingAction('view')
#1 C:\wamp\yii\framework\web\CWebApplication.php(282): CController->run('view')
#2 C:\wamp\yii\framework\web\CWebApplication.php(141): CWebApplication->runController('site/view')
#3 C:\wamp\yii\framework\base\CApplication.php(180): CWebApplication->processRequest()
#4 C:\wamp\www\vanity\index.php(13): CApplication->run()
#5 {main}
REQUEST_URI=/vanity/index.php/site/6
HTTP_REFERER=http://localhost/vanity/index.php
---
2013/10/17 11:58:00 [error] [exception.CHttpException.404] exception 'CHttpException' with message 'The system is unable to find the requested action "admin".' in C:\wamp\yii\framework\web\CController.php:483
Stack trace:
#0 C:\wamp\yii\framework\web\CController.php(270): CController->missingAction('admin')
#1 C:\wamp\yii\framework\web\CWebApplication.php(282): CController->run('admin')
#2 C:\wamp\yii\framework\web\CWebApplication.php(141): CWebApplication->runController('agent/reservati...')
#3 C:\wamp\yii\framework\base\CApplication.php(180): CWebApplication->processRequest()
#4 C:\wamp\www\vanity\index.php(13): CApplication->run()
#5 {main}
REQUEST_URI=/vanity/index.php/agent/reservation/admin
HTTP_REFERER=http://localhost/vanity/index.php/agent/reservation/view/id/4
---
2013/10/17 11:58:03 [error] [exception.CHttpException.404] exception 'CHttpException' with message 'The requested page does not exist.' in C:\wamp\www\vanity\protected\modules\agent\controllers\ReservationController.php:149
Stack trace:
#0 C:\wamp\www\vanity\protected\modules\agent\controllers\ReservationController.php(20): ReservationController->loadModel('4')
#1 [internal function]: ReservationController->actionView('4')
#2 C:\wamp\yii\framework\web\actions\CAction.php(108): ReflectionMethod->invokeArgs(Object(ReservationController), Array)
#3 C:\wamp\yii\framework\web\actions\CInlineAction.php(47): CAction->runWithParamsInternal(Object(ReservationController), Object(ReflectionMethod), Array)
#4 C:\wamp\yii\framework\web\CController.php(308): CInlineAction->runWithParams(Array)
#5 C:\wamp\yii\framework\web\CController.php(286): CController->runAction(Object(CInlineAction))
#6 C:\wamp\yii\framework\web\CController.php(265): CController->runActionWithFilters(Object(CInlineAction), Array)
#7 C:\wamp\yii\framework\web\CWebApplication.php(282): CController->run('view')
#8 C:\wamp\yii\framework\web\CWebApplication.php(141): CWebApplication->runController('agent/reservati...')
#9 C:\wamp\yii\framework\base\CApplication.php(180): CWebApplication->processRequest()
#10 C:\wamp\www\vanity\index.php(13): CApplication->run()
#11 {main}
REQUEST_URI=/vanity/index.php/agent/reservation/view/id/4
HTTP_REFERER=http://localhost/vanity/index.php/agent/reservation/index
---
2013/10/17 12:04:54 [error] [exception.CHttpException.404] exception 'CHttpException' with message 'The system is unable to find the requested action "admin".' in C:\wamp\yii\framework\web\CController.php:483
Stack trace:
#0 C:\wamp\yii\framework\web\CController.php(270): CController->missingAction('admin')
#1 C:\wamp\yii\framework\web\CWebApplication.php(282): CController->run('admin')
#2 C:\wamp\yii\framework\web\CWebApplication.php(141): CWebApplication->runController('agent/vanity/ad...')
#3 C:\wamp\yii\framework\base\CApplication.php(180): CWebApplication->processRequest()
#4 C:\wamp\www\vanity\index.php(13): CApplication->run()
#5 {main}
REQUEST_URI=/vanity/index.php/agent/vanity/admin
HTTP_REFERER=http://localhost/vanity/index.php/agent/vanity/index
---
2013/10/17 12:12:51 [error] [exception.CHttpException.404] exception 'CHttpException' with message 'Unable to resolve the request "agent/agent/vanity/sold".' in C:\wamp\yii\framework\web\CWebApplication.php:286
Stack trace:
#0 C:\wamp\yii\framework\web\CWebApplication.php(141): CWebApplication->runController('agent/agent/van...')
#1 C:\wamp\yii\framework\base\CApplication.php(180): CWebApplication->processRequest()
#2 C:\wamp\www\vanity\index.php(13): CApplication->run()
#3 {main}
REQUEST_URI=/vanity/index.php/agent/agent/vanity/sold
HTTP_REFERER=http://localhost/vanity/index.php/agent/vanity/index
---
